2020-09-01 10:25:17,715 MAIN [DEBUG] : Connected to database file
2020-09-01 10:25:17,715 MAIN [DEBUG] : DataBase cursor was created
2020-09-01 10:25:17,716 MAIN [INFO] : 
2020-09-01 10:25:54,076 MAIN [DEBUG] : Connected to database file
2020-09-01 10:25:54,076 MAIN [DEBUG] : DataBase cursor was created
2020-09-01 10:25:54,077 MAIN [INFO] : 
2020-09-01 10:26:28,898 MAIN [DEBUG] : Connected to database file
2020-09-01 10:26:28,898 MAIN [DEBUG] : DataBase cursor was created
2020-09-01 10:26:28,980 MAIN [INFO] : 
2020-09-01 10:32:16,490 MAIN [INFO] : Table was created
2020-09-01 10:33:14,924 root [ERROR] : table fuel already exists
2020-09-01 11:00:35,541 MAIN [INFO] : Connected to database file
2020-09-01 11:00:35,541 MAIN [INFO] : DataBase cursor was created
2020-09-01 11:00:35,541 MAIN [INFO] : Table was created
2020-09-01 11:00:35,541 MAIN [INFO] : Data has been added to the table
2020-09-01 11:01:00,882 MAIN [INFO] : Connected to database file
2020-09-01 11:01:00,882 MAIN [INFO] : DataBase cursor was created
2020-09-01 11:01:00,882 MAIN [INFO] : Table was created
2020-09-01 11:01:00,882 MAIN [INFO] : Data has been added to the table
2020-09-01 11:01:08,597 MAIN [INFO] : Connected to database file
2020-09-01 11:01:08,597 MAIN [INFO] : DataBase cursor was created
2020-09-01 11:01:08,598 MAIN [INFO] : Table was created
2020-09-01 11:01:08,598 MAIN [INFO] : Data has been added to the table
2020-09-01 11:01:09,647 MAIN [INFO] : Connected to database file
2020-09-01 11:01:09,647 MAIN [INFO] : DataBase cursor was created
2020-09-01 11:01:09,648 MAIN [INFO] : Table was created
2020-09-01 11:01:09,648 MAIN [INFO] : Data has been added to the table
2020-09-01 11:01:24,367 MAIN [INFO] : Connected to database file
2020-09-01 11:01:24,367 MAIN [INFO] : DataBase cursor was created
2020-09-01 11:01:24,368 MAIN [ERROR] : table fuel already exists
2020-09-01 11:01:24,368 MAIN [INFO] : Data has been added to the table
2020-09-01 11:01:44,751 MAIN [INFO] : Connected to database file
2020-09-01 11:01:44,751 MAIN [INFO] : DataBase cursor was created
2020-09-01 11:01:44,751 MAIN [ERROR] : table fuel already exists
2020-09-01 11:01:44,752 MAIN [INFO] : Data has been added to the table
2020-09-01 11:21:45,414 MAIN [INFO] : Connected to database file
2020-09-01 11:21:45,415 MAIN [INFO] : DataBase cursor was created
2020-09-01 11:21:45,517 MAIN [INFO] : Table was created
2020-09-01 11:21:45,517 MAIN [INFO] : Data has been added to the table
2020-09-01 11:22:25,970 MAIN [INFO] : Connected to database file
2020-09-01 11:22:25,970 MAIN [INFO] : DataBase cursor was created
2020-09-01 11:22:26,062 MAIN [INFO] : Table was created
2020-09-01 11:22:26,063 MAIN [INFO] : Data has been added to the table
2020-09-01 11:32:19,249 MAIN [INFO] : Connected to database file
2020-09-01 11:32:19,249 MAIN [INFO] : DataBase cursor was created
2020-09-01 11:32:19,330 MAIN [INFO] : Table was created
2020-09-01 11:32:19,331 MAIN [INFO] : Data has been added to the table
2020-09-01 11:36:39,136 DATABASE [INFO] : Connected to database file
2020-09-01 11:36:39,136 DATABASE [INFO] : DataBase cursor was created
2020-09-01 11:36:39,136 DATABASE [WARNING] : near "TABLEfuel": syntax error
2020-09-01 11:36:39,136 DATABASE [WARNING] : no such table: fuel
2020-09-01 11:36:39,136 DATABASE [WARNING] : no such table: fuel
2020-09-01 11:38:15,043 DATABASE [INFO] : Connected to database file
2020-09-01 11:38:15,044 DATABASE [INFO] : DataBase cursor was created
2020-09-01 11:38:15,044 DATABASE [WARNING] : near "?": syntax error
2020-09-01 11:38:15,044 DATABASE [WARNING] : no such table: fuel
2020-09-01 11:38:15,044 DATABASE [WARNING] : no such table: fuel
2020-09-01 11:40:26,199 DATABASE [INFO] : Connected to database file
2020-09-01 11:40:26,199 DATABASE [INFO] : DataBase cursor was created
2020-09-01 11:40:26,199 DATABASE [WARNING] : near "?": syntax error
2020-09-01 11:40:26,200 DATABASE [WARNING] : no such table: fuel
2020-09-01 11:40:26,200 DATABASE [WARNING] : no such table: fuel
2020-09-01 11:40:59,552 DATABASE [INFO] : Connected to database file
2020-09-01 11:40:59,552 DATABASE [INFO] : DataBase cursor was created
2020-09-01 11:40:59,552 DATABASE [WARNING] : Incorrect number of bindings supplied. The current statement uses 0, and there are 132 supplied.
2020-09-01 11:40:59,552 DATABASE [WARNING] : no such table: fuel
2020-09-01 11:40:59,552 DATABASE [WARNING] : no such table: fuel
2020-09-01 11:42:13,726 DATABASE [INFO] : Connected to database file
2020-09-01 11:42:13,726 DATABASE [INFO] : DataBase cursor was created
2020-09-01 11:42:13,821 DATABASE [INFO] : Table was created
2020-09-01 11:42:13,821 DATABASE [WARNING] : table fuel has 6 columns but 1 values were supplied
2020-09-01 11:42:13,821 DATABASE [INFO] : Data was selected from table
2020-09-01 11:43:06,877 DATABASE [INFO] : Connected to database file
2020-09-01 11:43:06,877 DATABASE [INFO] : DataBase cursor was created
2020-09-01 11:43:06,878 DATABASE [WARNING] : table fuel already exists
2020-09-01 11:43:06,878 DATABASE [WARNING] : Incorrect number of bindings supplied. The current statement uses 0, and there are 36 supplied.
2020-09-01 11:43:06,878 DATABASE [INFO] : Data was selected from table
2020-09-01 11:43:16,204 DATABASE [INFO] : Connected to database file
2020-09-01 11:43:16,204 DATABASE [INFO] : DataBase cursor was created
2020-09-01 11:43:16,204 DATABASE [WARNING] : table fuel already exists
2020-09-01 11:43:16,205 DATABASE [INFO] : Data has been added to the table
2020-09-01 11:43:16,205 DATABASE [INFO] : Data was selected from table
2020-09-01 11:49:14,964 DATABASE [INFO] : Connecting to database...
2020-09-01 11:49:14,964 DATABASE [INFO] : Connected to database file
2020-09-01 11:49:14,964 DATABASE [INFO] : Creating cursor...
2020-09-01 11:49:14,964 DATABASE [INFO] : DataBase cursor was created
2020-09-01 11:49:14,964 DATABASE [INFO] : Creating table...
2020-09-01 11:49:14,965 DATABASE [WARNING] : table fuel already exists
2020-09-01 11:49:14,965 DATABASE [INFO] : Inserting data into the table...
2020-09-01 11:49:14,965 DATABASE [INFO] : Data has been added to the table
2020-09-01 11:49:14,965 DATABASE [INFO] : Selecting data from the table...
2020-09-01 11:49:14,965 DATABASE [INFO] : Data was selected from table
2020-09-01 12:45:17,268 DATABASE [INFO] : Connecting to database...
2020-09-01 12:45:17,268 DATABASE [INFO] : Connected to database file
2020-09-01 12:45:17,268 DATABASE [INFO] : Creating cursor...
2020-09-01 12:45:17,268 DATABASE [INFO] : DataBase cursor was created
2020-09-01 12:45:17,268 DATABASE [INFO] : Creating table...
2020-09-01 12:45:17,268 DATABASE [WARNING] : table fuel already exists
2020-09-01 12:45:17,268 DATABASE [INFO] : Inserting data into the table...
2020-09-01 12:45:17,269 DATABASE [INFO] : Data has been added to the table
2020-09-01 12:45:17,269 DATABASE [INFO] : Selecting data from the table...
2020-09-01 12:45:17,269 DATABASE [INFO] : Data was selected from table
2020-09-01 12:46:35,084 DATABASE [INFO] : Connecting to database...
2020-09-01 12:46:35,085 DATABASE [INFO] : Connected to database file
2020-09-01 12:46:35,085 DATABASE [INFO] : Creating cursor...
2020-09-01 12:46:35,085 DATABASE [INFO] : DataBase cursor was created
2020-09-01 12:46:35,085 DATABASE [INFO] : Creating table...
2020-09-01 12:46:35,085 DATABASE [WARNING] : table fuel already exists
2020-09-01 12:46:35,085 DATABASE [INFO] : Inserting data into the table...
2020-09-01 12:46:35,085 DATABASE [INFO] : Data has been added to the table
2020-09-01 12:46:35,085 DATABASE [INFO] : Selecting data from the table...
2020-09-01 12:46:35,085 DATABASE [INFO] : Data was selected from table
2020-09-01 12:56:53,084 DATABASE [INFO] : Connecting to database...
2020-09-01 12:56:53,085 DATABASE [INFO] : Connected to database file
2020-09-01 12:56:53,085 DATABASE [INFO] : Creating cursor...
2020-09-01 12:56:53,085 DATABASE [INFO] : DataBase cursor was created
2020-09-01 12:56:53,085 DATABASE [INFO] : Creating table...
2020-09-01 12:56:53,085 DATABASE [WARNING] : table fuel already exists
2020-09-01 12:56:53,085 DATABASE [INFO] : Inserting data into the table...
2020-09-01 12:56:53,085 DATABASE [WARNING] : no such column: Texaco
2020-09-01 12:56:53,085 DATABASE [INFO] : Inserting data into the table...
2020-09-01 12:56:53,085 DATABASE [WARNING] : no such column: Mobil
2020-09-01 12:56:53,085 DATABASE [INFO] : Inserting data into the table...
2020-09-01 12:56:53,085 DATABASE [WARNING] : no such column: Arco
2020-09-01 12:56:53,085 DATABASE [INFO] : Inserting data into the table...
2020-09-01 12:56:53,085 DATABASE [WARNING] : no such column: Chevron
2020-09-01 12:56:53,085 DATABASE [INFO] : Inserting data into the table...
2020-09-01 12:56:53,085 DATABASE [WARNING] : no such column: Shell
2020-09-01 12:56:53,085 DATABASE [INFO] : Inserting data into the table...
2020-09-01 12:56:53,085 DATABASE [WARNING] : no such column: Ericson
2020-09-01 12:56:53,085 DATABASE [INFO] : Inserting data into the table...
2020-09-01 12:56:53,085 DATABASE [WARNING] : no such column: American
2020-09-01 12:56:53,085 DATABASE [INFO] : Inserting data into the table...
2020-09-01 12:56:53,086 DATABASE [WARNING] : no such column: DX
2020-09-01 12:56:53,086 DATABASE [INFO] : Inserting data into the table...
2020-09-01 12:56:53,086 DATABASE [WARNING] : no such column: Conoco
2020-09-01 12:56:53,086 DATABASE [INFO] : Inserting data into the table...
2020-09-01 12:56:53,086 DATABASE [WARNING] : no such column: Phillips
2020-09-01 12:56:53,086 DATABASE [INFO] : Inserting data into the table...
2020-09-01 12:56:53,086 DATABASE [WARNING] : no such column: Exxon
2020-09-01 12:56:53,086 DATABASE [INFO] : Selecting data from the table...
2020-09-01 12:56:53,086 DATABASE [INFO] : Data was selected from table
2020-09-01 12:58:01,369 DATABASE [INFO] : Connecting to database...
2020-09-01 12:58:01,369 DATABASE [INFO] : Connected to database file
2020-09-01 12:58:01,369 DATABASE [INFO] : Creating cursor...
2020-09-01 12:58:01,369 DATABASE [INFO] : DataBase cursor was created
2020-09-01 12:58:01,369 DATABASE [INFO] : Creating table...
2020-09-01 12:58:01,370 DATABASE [WARNING] : table fuel already exists
2020-09-01 12:58:01,370 DATABASE [INFO] : Inserting data into the table...
2020-09-01 12:58:01,370 DATABASE [WARNING] : no such column: Texaco
2020-09-01 12:58:01,370 DATABASE [INFO] : Inserting data into the table...
2020-09-01 12:58:01,370 DATABASE [WARNING] : no such column: Mobil
2020-09-01 12:58:01,370 DATABASE [INFO] : Inserting data into the table...
2020-09-01 12:58:01,370 DATABASE [WARNING] : no such column: Arco
2020-09-01 12:58:01,370 DATABASE [INFO] : Inserting data into the table...
2020-09-01 12:58:01,370 DATABASE [WARNING] : no such column: Chevron
2020-09-01 12:58:01,370 DATABASE [INFO] : Inserting data into the table...
2020-09-01 12:58:01,370 DATABASE [WARNING] : no such column: Shell
2020-09-01 12:58:01,370 DATABASE [INFO] : Inserting data into the table...
2020-09-01 12:58:01,370 DATABASE [WARNING] : no such column: Ericson
2020-09-01 12:58:01,370 DATABASE [INFO] : Inserting data into the table...
2020-09-01 12:58:01,370 DATABASE [WARNING] : no such column: American
2020-09-01 12:58:01,370 DATABASE [INFO] : Inserting data into the table...
2020-09-01 12:58:01,370 DATABASE [WARNING] : no such column: DX
2020-09-01 12:58:01,370 DATABASE [INFO] : Inserting data into the table...
2020-09-01 12:58:01,370 DATABASE [WARNING] : no such column: Conoco
2020-09-01 12:58:01,370 DATABASE [INFO] : Inserting data into the table...
2020-09-01 12:58:01,370 DATABASE [WARNING] : no such column: Phillips
2020-09-01 12:58:01,371 DATABASE [INFO] : Inserting data into the table...
2020-09-01 12:58:01,371 DATABASE [WARNING] : no such column: Exxon
2020-09-01 12:58:01,371 DATABASE [INFO] : Selecting data from the table...
2020-09-01 12:58:01,371 DATABASE [INFO] : Data was selected from table
2020-09-01 13:00:49,918 DATABASE [INFO] : Connecting to database...
2020-09-01 13:00:49,918 DATABASE [INFO] : Connected to database file
2020-09-01 13:00:49,918 DATABASE [INFO] : Creating cursor...
2020-09-01 13:00:49,918 DATABASE [INFO] : DataBase cursor was created
2020-09-01 13:00:49,918 DATABASE [INFO] : Creating table...
2020-09-01 13:00:49,918 DATABASE [WARNING] : table fuel already exists
2020-09-01 13:00:49,918 DATABASE [INFO] : Inserting data into the table...
2020-09-01 13:00:49,918 DATABASE [WARNING] : no such column: Texaco
2020-09-01 13:00:49,918 DATABASE [INFO] : Inserting data into the table...
2020-09-01 13:00:49,919 DATABASE [WARNING] : no such column: Mobil
2020-09-01 13:00:49,919 DATABASE [INFO] : Inserting data into the table...
2020-09-01 13:00:49,919 DATABASE [WARNING] : no such column: Arco
2020-09-01 13:00:49,919 DATABASE [INFO] : Inserting data into the table...
2020-09-01 13:00:49,919 DATABASE [WARNING] : no such column: Chevron
2020-09-01 13:00:49,919 DATABASE [INFO] : Inserting data into the table...
2020-09-01 13:00:49,919 DATABASE [WARNING] : no such column: Shell
2020-09-01 13:00:49,919 DATABASE [INFO] : Inserting data into the table...
2020-09-01 13:00:49,919 DATABASE [WARNING] : no such column: Ericson
2020-09-01 13:00:49,919 DATABASE [INFO] : Inserting data into the table...
2020-09-01 13:00:49,919 DATABASE [WARNING] : no such column: American
2020-09-01 13:00:49,919 DATABASE [INFO] : Inserting data into the table...
2020-09-01 13:00:49,919 DATABASE [WARNING] : no such column: DX
2020-09-01 13:00:49,919 DATABASE [INFO] : Inserting data into the table...
2020-09-01 13:00:49,919 DATABASE [WARNING] : no such column: Conoco
2020-09-01 13:00:49,919 DATABASE [INFO] : Inserting data into the table...
2020-09-01 13:00:49,919 DATABASE [WARNING] : no such column: Phillips
2020-09-01 13:00:49,919 DATABASE [INFO] : Inserting data into the table...
2020-09-01 13:00:49,919 DATABASE [WARNING] : no such column: Exxon
2020-09-01 13:00:49,919 DATABASE [INFO] : Selecting data from the table...
2020-09-01 13:00:49,919 DATABASE [INFO] : Data was selected from table
2020-09-01 13:01:20,489 DATABASE [INFO] : Connecting to database...
2020-09-01 13:01:20,489 DATABASE [INFO] : Connected to database file
2020-09-01 13:01:20,489 DATABASE [INFO] : Creating cursor...
2020-09-01 13:01:20,489 DATABASE [INFO] : DataBase cursor was created
2020-09-01 13:01:20,489 DATABASE [INFO] : Creating table...
2020-09-01 13:01:20,583 DATABASE [INFO] : Table was created
2020-09-01 13:01:20,583 DATABASE [INFO] : Inserting data into the table...
2020-09-01 13:01:20,583 DATABASE [WARNING] : no such column: Texaco
2020-09-01 13:01:20,583 DATABASE [INFO] : Inserting data into the table...
2020-09-01 13:01:20,584 DATABASE [WARNING] : no such column: Mobil
2020-09-01 13:01:20,584 DATABASE [INFO] : Inserting data into the table...
2020-09-01 13:01:20,584 DATABASE [WARNING] : no such column: Arco
2020-09-01 13:01:20,584 DATABASE [INFO] : Inserting data into the table...
2020-09-01 13:01:20,584 DATABASE [WARNING] : no such column: Chevron
2020-09-01 13:01:20,584 DATABASE [INFO] : Inserting data into the table...
2020-09-01 13:01:20,584 DATABASE [WARNING] : no such column: Shell
2020-09-01 13:01:20,584 DATABASE [INFO] : Inserting data into the table...
2020-09-01 13:01:20,585 DATABASE [WARNING] : no such column: Ericson
2020-09-01 13:01:20,585 DATABASE [INFO] : Inserting data into the table...
2020-09-01 13:01:20,585 DATABASE [WARNING] : no such column: American
2020-09-01 13:01:20,585 DATABASE [INFO] : Inserting data into the table...
2020-09-01 13:01:20,585 DATABASE [WARNING] : no such column: DX
2020-09-01 13:01:20,585 DATABASE [INFO] : Inserting data into the table...
2020-09-01 13:01:20,585 DATABASE [WARNING] : no such column: Conoco
2020-09-01 13:01:20,585 DATABASE [INFO] : Inserting data into the table...
2020-09-01 13:01:20,586 DATABASE [WARNING] : no such column: Phillips
2020-09-01 13:01:20,586 DATABASE [INFO] : Inserting data into the table...
2020-09-01 13:01:20,586 DATABASE [WARNING] : no such column: Exxon
2020-09-01 13:01:20,586 DATABASE [INFO] : Selecting data from the table...
2020-09-01 13:01:20,586 DATABASE [INFO] : Data was selected from table
2020-09-01 13:02:16,410 DATABASE [INFO] : Connecting to database...
2020-09-01 13:02:16,410 DATABASE [INFO] : Connected to database file
2020-09-01 13:02:16,410 DATABASE [INFO] : Creating cursor...
2020-09-01 13:02:16,410 DATABASE [INFO] : DataBase cursor was created
2020-09-01 13:02:16,410 DATABASE [INFO] : Creating table...
2020-09-01 13:02:16,410 DATABASE [WARNING] : table fuel already exists
2020-09-01 13:02:16,410 DATABASE [INFO] : Inserting data into the table...
2020-09-01 13:02:16,410 DATABASE [WARNING] : no such column: Texaco
2020-09-01 13:02:16,410 DATABASE [INFO] : Inserting data into the table...
2020-09-01 13:02:16,410 DATABASE [WARNING] : no such column: Mobil
2020-09-01 13:02:16,410 DATABASE [INFO] : Inserting data into the table...
2020-09-01 13:02:16,410 DATABASE [WARNING] : no such column: Arco
2020-09-01 13:02:16,410 DATABASE [INFO] : Inserting data into the table...
2020-09-01 13:02:16,410 DATABASE [WARNING] : no such column: Chevron
2020-09-01 13:02:16,410 DATABASE [INFO] : Inserting data into the table...
2020-09-01 13:02:16,410 DATABASE [WARNING] : no such column: Shell
2020-09-01 13:02:16,410 DATABASE [INFO] : Inserting data into the table...
2020-09-01 13:02:16,411 DATABASE [WARNING] : no such column: Ericson
2020-09-01 13:02:16,411 DATABASE [INFO] : Inserting data into the table...
2020-09-01 13:02:16,411 DATABASE [WARNING] : no such column: American
2020-09-01 13:02:16,411 DATABASE [INFO] : Inserting data into the table...
2020-09-01 13:02:16,411 DATABASE [WARNING] : no such column: DX
2020-09-01 13:02:16,411 DATABASE [INFO] : Inserting data into the table...
2020-09-01 13:02:16,411 DATABASE [WARNING] : no such column: Conoco
2020-09-01 13:02:16,411 DATABASE [INFO] : Inserting data into the table...
2020-09-01 13:02:16,411 DATABASE [WARNING] : no such column: Phillips
2020-09-01 13:02:16,411 DATABASE [INFO] : Inserting data into the table...
2020-09-01 13:02:16,411 DATABASE [WARNING] : no such column: Exxon
2020-09-01 13:02:16,411 DATABASE [INFO] : Selecting data from the table...
2020-09-01 13:02:16,411 DATABASE [INFO] : Data was selected from table
2020-09-01 13:02:22,686 DATABASE [INFO] : Connecting to database...
2020-09-01 13:02:22,686 DATABASE [INFO] : Connected to database file
2020-09-01 13:02:22,686 DATABASE [INFO] : Creating cursor...
2020-09-01 13:02:22,686 DATABASE [INFO] : DataBase cursor was created
2020-09-01 13:02:22,686 DATABASE [INFO] : Creating table...
2020-09-01 13:02:22,780 DATABASE [INFO] : Table was created
2020-09-01 13:02:22,780 DATABASE [INFO] : Inserting data into the table...
2020-09-01 13:02:22,780 DATABASE [WARNING] : no such column: Texaco
2020-09-01 13:02:22,780 DATABASE [INFO] : Inserting data into the table...
2020-09-01 13:02:22,780 DATABASE [WARNING] : no such column: Mobil
2020-09-01 13:02:22,781 DATABASE [INFO] : Inserting data into the table...
2020-09-01 13:02:22,781 DATABASE [WARNING] : no such column: Arco
2020-09-01 13:02:22,781 DATABASE [INFO] : Inserting data into the table...
2020-09-01 13:02:22,781 DATABASE [WARNING] : no such column: Chevron
2020-09-01 13:02:22,781 DATABASE [INFO] : Inserting data into the table...
2020-09-01 13:02:22,781 DATABASE [WARNING] : no such column: Shell
2020-09-01 13:02:22,781 DATABASE [INFO] : Inserting data into the table...
2020-09-01 13:02:22,781 DATABASE [WARNING] : no such column: Ericson
2020-09-01 13:02:22,781 DATABASE [INFO] : Inserting data into the table...
2020-09-01 13:02:22,781 DATABASE [WARNING] : no such column: American
2020-09-01 13:02:22,781 DATABASE [INFO] : Inserting data into the table...
2020-09-01 13:02:22,781 DATABASE [WARNING] : no such column: DX
2020-09-01 13:02:22,782 DATABASE [INFO] : Inserting data into the table...
2020-09-01 13:02:22,782 DATABASE [WARNING] : no such column: Conoco
2020-09-01 13:02:22,782 DATABASE [INFO] : Inserting data into the table...
2020-09-01 13:02:22,782 DATABASE [WARNING] : no such column: Phillips
2020-09-01 13:02:22,782 DATABASE [INFO] : Inserting data into the table...
2020-09-01 13:02:22,782 DATABASE [WARNING] : no such column: Exxon
2020-09-01 13:02:22,782 DATABASE [INFO] : Selecting data from the table...
2020-09-01 13:02:22,782 DATABASE [INFO] : Data was selected from table
2020-09-01 13:03:07,341 DATABASE [INFO] : Connecting to database...
2020-09-01 13:03:07,341 DATABASE [INFO] : Connected to database file
2020-09-01 13:03:07,341 DATABASE [INFO] : Creating cursor...
2020-09-01 13:03:07,341 DATABASE [INFO] : DataBase cursor was created
2020-09-01 13:03:07,341 DATABASE [INFO] : Creating table...
2020-09-01 13:03:07,341 DATABASE [WARNING] : table fuel already exists
2020-09-01 13:03:07,341 DATABASE [INFO] : Inserting data into the table...
2020-09-01 13:03:07,342 DATABASE [WARNING] : no such column: Texaco
2020-09-01 13:03:07,342 DATABASE [INFO] : Inserting data into the table...
2020-09-01 13:03:07,342 DATABASE [WARNING] : no such column: Mobil
2020-09-01 13:03:07,342 DATABASE [INFO] : Inserting data into the table...
2020-09-01 13:03:07,342 DATABASE [WARNING] : no such column: Arco
2020-09-01 13:03:07,342 DATABASE [INFO] : Inserting data into the table...
2020-09-01 13:03:07,342 DATABASE [WARNING] : no such column: Chevron
2020-09-01 13:03:07,342 DATABASE [INFO] : Inserting data into the table...
2020-09-01 13:03:07,342 DATABASE [WARNING] : no such column: Shell
2020-09-01 13:03:07,342 DATABASE [INFO] : Inserting data into the table...
2020-09-01 13:03:07,342 DATABASE [WARNING] : no such column: Ericson
2020-09-01 13:03:07,342 DATABASE [INFO] : Inserting data into the table...
2020-09-01 13:03:07,342 DATABASE [WARNING] : no such column: American
2020-09-01 13:03:07,342 DATABASE [INFO] : Inserting data into the table...
2020-09-01 13:03:07,342 DATABASE [WARNING] : no such column: DX
2020-09-01 13:03:07,342 DATABASE [INFO] : Inserting data into the table...
2020-09-01 13:03:07,342 DATABASE [WARNING] : no such column: Conoco
2020-09-01 13:03:07,342 DATABASE [INFO] : Inserting data into the table...
2020-09-01 13:03:07,342 DATABASE [WARNING] : no such column: Phillips
2020-09-01 13:03:07,342 DATABASE [INFO] : Inserting data into the table...
2020-09-01 13:03:07,342 DATABASE [WARNING] : no such column: Exxon
2020-09-01 13:03:07,342 DATABASE [INFO] : Selecting data from the table...
2020-09-01 13:03:07,342 DATABASE [INFO] : Data was selected from table
2020-09-01 13:04:19,002 DATABASE [INFO] : Connecting to database...
2020-09-01 13:04:19,002 DATABASE [INFO] : Connected to database file
2020-09-01 13:04:19,002 DATABASE [INFO] : Creating cursor...
2020-09-01 13:04:19,002 DATABASE [INFO] : DataBase cursor was created
2020-09-01 13:04:19,002 DATABASE [INFO] : Creating table...
2020-09-01 13:04:19,002 DATABASE [WARNING] : table fuel already exists
2020-09-01 13:04:56,806 DATABASE [INFO] : Connecting to database...
2020-09-01 13:04:56,806 DATABASE [INFO] : Connected to database file
2020-09-01 13:04:56,806 DATABASE [INFO] : Creating cursor...
2020-09-01 13:04:56,806 DATABASE [INFO] : DataBase cursor was created
2020-09-01 13:04:56,806 DATABASE [INFO] : Creating table...
2020-09-01 13:04:56,806 DATABASE [WARNING] : table fuel already exists
2020-09-01 13:04:56,806 DATABASE [INFO] : Inserting data into the table...
2020-09-01 13:06:50,511 DATABASE [INFO] : Connecting to database...
2020-09-01 13:06:50,512 DATABASE [INFO] : Connected to database file
2020-09-01 13:06:50,512 DATABASE [INFO] : Creating cursor...
2020-09-01 13:06:50,512 DATABASE [INFO] : DataBase cursor was created
2020-09-01 13:06:50,512 DATABASE [INFO] : Creating table...
2020-09-01 13:06:50,512 DATABASE [WARNING] : table fuel already exists
2020-09-01 13:06:50,512 DATABASE [INFO] : Inserting data into the table...
2020-09-01 13:06:50,512 DATABASE [WARNING] : no such column: AM
2020-09-01 13:06:50,512 DATABASE [INFO] : Selecting data from the table...
2020-09-01 13:06:50,512 DATABASE [INFO] : Data was selected from table
2020-09-01 13:06:58,174 DATABASE [INFO] : Connecting to database...
2020-09-01 13:06:58,174 DATABASE [INFO] : Connected to database file
2020-09-01 13:06:58,174 DATABASE [INFO] : Creating cursor...
2020-09-01 13:06:58,174 DATABASE [INFO] : DataBase cursor was created
2020-09-01 13:06:58,174 DATABASE [INFO] : Creating table...
2020-09-01 13:06:58,175 DATABASE [WARNING] : table fuel already exists
2020-09-01 13:06:58,175 DATABASE [INFO] : Inserting data into the table...
2020-09-01 13:06:58,175 DATABASE [WARNING] : no such column: AM
2020-09-01 13:06:58,175 DATABASE [INFO] : Selecting data from the table...
2020-09-01 13:06:58,175 DATABASE [INFO] : Data was selected from table
2020-09-01 13:08:54,023 DATABASE [INFO] : Connecting to database...
2020-09-01 13:08:54,023 DATABASE [INFO] : Connected to database file
2020-09-01 13:08:54,023 DATABASE [INFO] : Creating cursor...
2020-09-01 13:08:54,023 DATABASE [INFO] : DataBase cursor was created
2020-09-01 13:08:54,023 DATABASE [INFO] : Creating table...
2020-09-01 13:08:54,023 DATABASE [WARNING] : table fuel already exists
2020-09-01 13:08:54,023 DATABASE [INFO] : Inserting data into the table...
2020-09-01 13:08:54,023 DATABASE [WARNING] : table fuel has 3 columns but 2 values were supplied
2020-09-01 13:08:54,023 DATABASE [INFO] : Selecting data from the table...
2020-09-01 13:08:54,023 DATABASE [INFO] : Data was selected from table
2020-09-01 13:09:12,549 DATABASE [INFO] : Connecting to database...
2020-09-01 13:09:12,549 DATABASE [INFO] : Connected to database file
2020-09-01 13:09:12,549 DATABASE [INFO] : Creating cursor...
2020-09-01 13:09:12,549 DATABASE [INFO] : DataBase cursor was created
2020-09-01 13:09:12,549 DATABASE [INFO] : Creating table...
2020-09-01 13:09:12,611 DATABASE [INFO] : Table was created
2020-09-01 13:09:12,611 DATABASE [INFO] : Inserting data into the table...
2020-09-01 13:09:12,611 DATABASE [WARNING] : table fuel has 3 columns but 2 values were supplied
2020-09-01 13:09:12,611 DATABASE [INFO] : Selecting data from the table...
2020-09-01 13:09:12,611 DATABASE [INFO] : Data was selected from table
2020-09-01 13:10:18,915 DATABASE [INFO] : Connecting to database...
2020-09-01 13:10:18,915 DATABASE [INFO] : Connected to database file
2020-09-01 13:10:18,915 DATABASE [INFO] : Creating cursor...
2020-09-01 13:10:18,915 DATABASE [INFO] : DataBase cursor was created
2020-09-01 13:10:18,915 DATABASE [INFO] : Creating table...
2020-09-01 13:10:18,916 DATABASE [WARNING] : table fuel already exists
2020-09-01 13:10:18,916 DATABASE [INFO] : Inserting data into the table...
2020-09-01 13:10:18,916 DATABASE [INFO] : Data has been added to the table
2020-09-01 13:10:18,916 DATABASE [INFO] : Selecting data from the table...
2020-09-01 13:10:18,916 DATABASE [INFO] : Data was selected from table
2020-09-01 13:10:46,001 DATABASE [INFO] : Connecting to database...
2020-09-01 13:10:46,001 DATABASE [INFO] : Connected to database file
2020-09-01 13:10:46,001 DATABASE [INFO] : Creating cursor...
2020-09-01 13:10:46,001 DATABASE [INFO] : DataBase cursor was created
2020-09-01 13:10:46,001 DATABASE [INFO] : Creating table...
2020-09-01 13:10:46,001 DATABASE [WARNING] : table fuel already exists
2020-09-01 13:10:46,001 DATABASE [INFO] : Inserting data into the table...
2020-09-01 13:10:46,001 DATABASE [INFO] : Data has been added to the table
2020-09-01 13:10:46,002 DATABASE [INFO] : Selecting data from the table...
2020-09-01 13:10:46,002 DATABASE [INFO] : Data was selected from table
2020-09-01 13:10:59,079 DATABASE [INFO] : Connecting to database...
2020-09-01 13:10:59,079 DATABASE [INFO] : Connected to database file
2020-09-01 13:10:59,079 DATABASE [INFO] : Creating cursor...
2020-09-01 13:10:59,079 DATABASE [INFO] : DataBase cursor was created
2020-09-01 13:10:59,079 DATABASE [INFO] : Creating table...
2020-09-01 13:10:59,079 DATABASE [WARNING] : table fuel already exists
2020-09-01 13:10:59,079 DATABASE [INFO] : Inserting data into the table...
2020-09-01 13:10:59,080 DATABASE [INFO] : Data has been added to the table
2020-09-01 13:10:59,080 DATABASE [INFO] : Selecting data from the table...
2020-09-01 13:10:59,080 DATABASE [INFO] : Data was selected from table
2020-09-01 13:11:28,318 DATABASE [INFO] : Connecting to database...
2020-09-01 13:11:28,318 DATABASE [INFO] : Connected to database file
2020-09-01 13:11:28,318 DATABASE [INFO] : Creating cursor...
2020-09-01 13:11:28,318 DATABASE [INFO] : DataBase cursor was created
2020-09-01 13:11:28,318 DATABASE [INFO] : Creating table...
2020-09-01 13:11:28,318 DATABASE [WARNING] : table fuel already exists
2020-09-01 13:11:28,318 DATABASE [INFO] : Inserting data into the table...
2020-09-01 13:11:28,319 DATABASE [INFO] : Data has been added to the table
2020-09-01 13:11:28,319 DATABASE [INFO] : Inserting data into the table...
2020-09-01 13:11:28,319 DATABASE [INFO] : Data has been added to the table
2020-09-01 13:11:28,319 DATABASE [INFO] : Selecting data from the table...
2020-09-01 13:11:28,319 DATABASE [INFO] : Data was selected from table
2020-09-01 13:11:37,678 DATABASE [INFO] : Connecting to database...
2020-09-01 13:11:37,679 DATABASE [INFO] : Connected to database file
2020-09-01 13:11:37,679 DATABASE [INFO] : Creating cursor...
2020-09-01 13:11:37,679 DATABASE [INFO] : DataBase cursor was created
2020-09-01 13:11:37,679 DATABASE [INFO] : Creating table...
2020-09-01 13:11:37,775 DATABASE [INFO] : Table was created
2020-09-01 13:11:37,775 DATABASE [INFO] : Inserting data into the table...
2020-09-01 13:11:37,776 DATABASE [INFO] : Data has been added to the table
2020-09-01 13:11:37,776 DATABASE [INFO] : Inserting data into the table...
2020-09-01 13:11:37,776 DATABASE [INFO] : Data has been added to the table
2020-09-01 13:11:37,776 DATABASE [INFO] : Selecting data from the table...
2020-09-01 13:11:37,776 DATABASE [INFO] : Data was selected from table
2020-09-01 13:14:08,098 DATABASE [INFO] : Connecting to database...
2020-09-01 13:14:08,098 DATABASE [INFO] : Connected to database file
2020-09-01 13:14:08,098 DATABASE [INFO] : Creating cursor...
2020-09-01 13:14:08,098 DATABASE [INFO] : DataBase cursor was created
2020-09-01 13:14:08,098 DATABASE [INFO] : Creating table...
2020-09-01 13:14:08,098 DATABASE [WARNING] : table fuel already exists
2020-09-01 13:14:08,098 DATABASE [INFO] : Inserting data into the table...
2020-09-01 13:14:08,099 DATABASE [INFO] : Data has been added to the table
2020-09-01 13:14:08,099 DATABASE [INFO] : Inserting data into the table...
2020-09-01 13:14:08,099 DATABASE [INFO] : Data has been added to the table
2020-09-01 13:14:08,099 DATABASE [INFO] : Selecting data from the table...
2020-09-01 13:14:08,099 DATABASE [INFO] : Data was selected from table
2020-09-01 13:17:04,473 DATABASE [INFO] : Connecting to database...
2020-09-01 13:17:04,473 DATABASE [INFO] : Connected to database file
2020-09-01 13:17:04,473 DATABASE [INFO] : Creating cursor...
2020-09-01 13:17:04,473 DATABASE [INFO] : DataBase cursor was created
2020-09-01 13:17:04,473 DATABASE [INFO] : Creating table...
2020-09-01 13:17:04,474 DATABASE [WARNING] : table fuel already exists
2020-09-01 13:17:04,474 DATABASE [INFO] : Inserting data into the table...
2020-09-01 13:17:04,474 DATABASE [INFO] : Data has been added to the table
2020-09-01 13:17:04,474 DATABASE [INFO] : Inserting data into the table...
2020-09-01 13:17:04,474 DATABASE [INFO] : Data has been added to the table
2020-09-01 13:17:04,474 DATABASE [INFO] : Selecting data from the table...
2020-09-01 13:17:04,474 DATABASE [INFO] : Data was selected from table
2020-09-01 13:17:58,273 DATABASE [INFO] : Connecting to database...
2020-09-01 13:17:58,273 DATABASE [INFO] : Connected to database file
2020-09-01 13:17:58,273 DATABASE [INFO] : Creating cursor...
2020-09-01 13:17:58,273 DATABASE [INFO] : DataBase cursor was created
2020-09-01 13:17:58,273 DATABASE [INFO] : Creating table...
2020-09-01 13:17:58,274 DATABASE [WARNING] : table fuel already exists
2020-09-01 13:17:58,274 DATABASE [INFO] : Inserting data into the table...
2020-09-01 13:17:58,274 DATABASE [INFO] : Data was added to the table
2020-09-01 13:17:58,274 DATABASE [INFO] : Inserting data into the table...
2020-09-01 13:17:58,274 DATABASE [INFO] : Data was added to the table
2020-09-01 13:17:58,274 DATABASE [INFO] : Selecting data from the table...
2020-09-01 13:17:58,274 DATABASE [INFO] : Data was selected from table
2020-09-01 13:18:05,875 DATABASE [INFO] : Connecting to database...
2020-09-01 13:18:05,876 DATABASE [INFO] : Connected to database file
2020-09-01 13:18:05,876 DATABASE [INFO] : Creating cursor...
2020-09-01 13:18:05,876 DATABASE [INFO] : DataBase cursor was created
2020-09-01 13:18:05,876 DATABASE [INFO] : Creating table...
2020-09-01 13:18:06,072 DATABASE [INFO] : Table was created
2020-09-01 13:18:06,072 DATABASE [INFO] : Inserting data into the table...
2020-09-01 13:18:06,072 DATABASE [INFO] : Data was added to the table
2020-09-01 13:18:06,072 DATABASE [INFO] : Inserting data into the table...
2020-09-01 13:18:06,072 DATABASE [INFO] : Data was added to the table
2020-09-01 13:18:06,072 DATABASE [INFO] : Selecting data from the table...
2020-09-01 13:18:06,072 DATABASE [INFO] : Data was selected from table
2020-09-01 13:19:01,722 DATABASE [INFO] : Connecting to database...
2020-09-01 13:19:01,722 DATABASE [INFO] : Connected to database file
2020-09-01 13:19:01,722 DATABASE [INFO] : DataBase cursor was created
2020-09-01 13:19:01,722 DATABASE [INFO] : Creating table...
2020-09-01 13:19:01,722 DATABASE [WARNING] : table fuel already exists
2020-09-01 13:19:01,722 DATABASE [INFO] : Inserting data into the table...
2020-09-01 13:19:01,722 DATABASE [INFO] : Data was added to the table
2020-09-01 13:19:01,722 DATABASE [INFO] : Inserting data into the table...
2020-09-01 13:19:01,723 DATABASE [INFO] : Data was added to the table
2020-09-01 13:19:01,723 DATABASE [INFO] : Selecting data from the table...
2020-09-01 13:19:01,723 DATABASE [INFO] : Data was selected from table
2020-09-01 13:19:06,930 DATABASE [INFO] : Connecting to database...
2020-09-01 13:19:06,931 DATABASE [INFO] : Connected to database file
2020-09-01 13:19:06,931 DATABASE [INFO] : DataBase cursor was created
2020-09-01 13:19:06,931 DATABASE [INFO] : Creating table...
2020-09-01 13:19:06,931 DATABASE [WARNING] : table fuel already exists
2020-09-01 13:19:06,931 DATABASE [INFO] : Inserting data into the table...
2020-09-01 13:19:06,931 DATABASE [INFO] : Data was added to the table
2020-09-01 13:19:06,931 DATABASE [INFO] : Inserting data into the table...
2020-09-01 13:19:06,931 DATABASE [INFO] : Data was added to the table
2020-09-01 13:19:06,931 DATABASE [INFO] : Selecting data from the table...
2020-09-01 13:19:06,931 DATABASE [INFO] : Data was selected from table
2020-09-01 13:20:01,942 DATABASE [INFO] : Connecting to database...
2020-09-01 13:20:01,943 DATABASE [INFO] : Connected to database file
2020-09-01 13:20:01,943 DATABASE [INFO] : DataBase cursor was created
2020-09-01 13:20:01,943 DATABASE [INFO] : Creating table...
2020-09-01 13:20:01,943 DATABASE [WARNING] : near "EXISTSfuel": syntax error
2020-09-01 13:20:01,943 DATABASE [INFO] : Inserting data into the table...
2020-09-01 13:20:01,943 DATABASE [INFO] : Data was added to the table
2020-09-01 13:20:01,943 DATABASE [INFO] : Inserting data into the table...
2020-09-01 13:20:01,943 DATABASE [INFO] : Data was added to the table
2020-09-01 13:20:01,943 DATABASE [INFO] : Selecting data from the table...
2020-09-01 13:20:01,943 DATABASE [INFO] : Data was selected from table
2020-09-01 13:20:16,360 DATABASE [INFO] : Connecting to database...
2020-09-01 13:20:16,361 DATABASE [INFO] : Connected to database file
2020-09-01 13:20:16,361 DATABASE [INFO] : DataBase cursor was created
2020-09-01 13:20:16,361 DATABASE [INFO] : Creating table...
2020-09-01 13:20:16,434 DATABASE [INFO] : Table was created
2020-09-01 13:20:16,435 DATABASE [INFO] : Inserting data into the table...
2020-09-01 13:20:16,435 DATABASE [INFO] : Data was added to the table
2020-09-01 13:20:16,435 DATABASE [INFO] : Inserting data into the table...
2020-09-01 13:20:16,435 DATABASE [INFO] : Data was added to the table
2020-09-01 13:20:16,435 DATABASE [INFO] : Selecting data from the table...
2020-09-01 13:20:16,436 DATABASE [INFO] : Data was selected from table
2020-09-01 13:20:20,571 DATABASE [INFO] : Connecting to database...
2020-09-01 13:20:20,572 DATABASE [INFO] : Connected to database file
2020-09-01 13:20:20,572 DATABASE [INFO] : DataBase cursor was created
2020-09-01 13:20:20,572 DATABASE [INFO] : Creating table...
2020-09-01 13:20:20,572 DATABASE [INFO] : Table was created
2020-09-01 13:20:20,572 DATABASE [INFO] : Inserting data into the table...
2020-09-01 13:20:20,572 DATABASE [INFO] : Data was added to the table
2020-09-01 13:20:20,572 DATABASE [INFO] : Inserting data into the table...
2020-09-01 13:20:20,572 DATABASE [INFO] : Data was added to the table
2020-09-01 13:20:20,572 DATABASE [INFO] : Selecting data from the table...
2020-09-01 13:20:20,572 DATABASE [INFO] : Data was selected from table
2020-09-01 13:21:14,948 DATABASE [INFO] : Connecting to database...
2020-09-01 13:21:14,948 DATABASE [INFO] : Connected to database file
2020-09-01 13:21:14,948 DATABASE [INFO] : Creating cursor...
2020-09-01 13:21:14,948 DATABASE [INFO] : DataBase cursor was created
2020-09-01 13:21:14,949 DATABASE [INFO] : Creating table...
2020-09-01 13:21:14,949 DATABASE [INFO] : Table was created
2020-09-01 13:21:14,949 DATABASE [INFO] : Inserting data into the table...
2020-09-01 13:21:14,949 DATABASE [INFO] : Data was added to the table
2020-09-01 13:21:14,949 DATABASE [INFO] : Inserting data into the table...
2020-09-01 13:21:14,949 DATABASE [INFO] : Data was added to the table
2020-09-01 13:21:14,949 DATABASE [INFO] : Selecting data from the table...
2020-09-01 13:21:14,949 DATABASE [INFO] : Data was selected from table
2020-09-01 13:22:10,478 DATABASE [INFO] : Connecting to database...
2020-09-01 13:22:10,478 DATABASE [INFO] : Connected to database file
2020-09-01 13:22:10,478 DATABASE [INFO] : Creating cursor...
2020-09-01 13:22:10,478 DATABASE [INFO] : DataBase cursor was created
2020-09-01 13:22:10,479 DATABASE [INFO] : Creating table...
2020-09-01 13:22:10,479 DATABASE [INFO] : Table was created
2020-09-01 13:22:10,479 DATABASE [INFO] : Inserting data into the table...
2020-09-01 13:22:10,479 DATABASE [INFO] : Data was added to the table
2020-09-01 13:22:10,479 DATABASE [INFO] : Inserting data into the table...
2020-09-01 13:22:10,479 DATABASE [INFO] : Data was added to the table
2020-09-01 13:22:10,479 DATABASE [INFO] : Selecting data from the table...
2020-09-01 13:22:10,479 DATABASE [INFO] : Data was selected from table
2020-09-01 13:22:16,443 DATABASE [INFO] : Connecting to database...
2020-09-01 13:22:16,443 DATABASE [INFO] : Connected to database file
2020-09-01 13:22:16,443 DATABASE [INFO] : Creating cursor...
2020-09-01 13:22:16,443 DATABASE [INFO] : DataBase cursor was created
2020-09-01 13:22:16,444 DATABASE [INFO] : Creating table...
2020-09-01 13:22:16,444 DATABASE [INFO] : Table was created
2020-09-01 13:22:16,444 DATABASE [INFO] : Inserting data into the table...
2020-09-01 13:22:16,444 DATABASE [INFO] : Data was added to the table
2020-09-01 13:22:16,444 DATABASE [INFO] : Inserting data into the table...
2020-09-01 13:22:16,444 DATABASE [INFO] : Data was added to the table
2020-09-01 13:22:16,444 DATABASE [INFO] : Selecting data from the table...
2020-09-01 13:22:16,444 DATABASE [INFO] : Data was selected from table
2020-09-01 13:22:26,432 DATABASE [INFO] : Connecting to database...
2020-09-01 13:22:26,432 DATABASE [INFO] : Connected to database file
2020-09-01 13:22:26,432 DATABASE [INFO] : Creating cursor...
2020-09-01 13:22:26,432 DATABASE [INFO] : DataBase cursor was created
2020-09-01 13:22:26,432 DATABASE [INFO] : Creating table...
2020-09-01 13:22:26,432 DATABASE [INFO] : Table was created
2020-09-01 13:22:26,432 DATABASE [INFO] : Inserting data into the table...
2020-09-01 13:22:26,433 DATABASE [INFO] : Data was added to the table
2020-09-01 13:22:26,433 DATABASE [INFO] : Inserting data into the table...
2020-09-01 13:22:26,433 DATABASE [WARNING] : UNIQUE constraint failed: fuel.id
2020-09-01 13:22:26,433 DATABASE [INFO] : Selecting data from the table...
2020-09-01 13:22:26,433 DATABASE [INFO] : Data was selected from table
2020-09-01 13:22:27,929 DATABASE [INFO] : Connecting to database...
2020-09-01 13:22:27,929 DATABASE [INFO] : Connected to database file
2020-09-01 13:22:27,929 DATABASE [INFO] : Creating cursor...
2020-09-01 13:22:27,929 DATABASE [INFO] : DataBase cursor was created
2020-09-01 13:22:27,929 DATABASE [INFO] : Creating table...
2020-09-01 13:22:27,929 DATABASE [INFO] : Table was created
2020-09-01 13:22:27,929 DATABASE [INFO] : Inserting data into the table...
2020-09-01 13:22:27,929 DATABASE [INFO] : Data was added to the table
2020-09-01 13:22:27,929 DATABASE [INFO] : Inserting data into the table...
2020-09-01 13:22:27,929 DATABASE [WARNING] : UNIQUE constraint failed: fuel.id
2020-09-01 13:22:27,929 DATABASE [INFO] : Selecting data from the table...
2020-09-01 13:22:27,929 DATABASE [INFO] : Data was selected from table
2020-09-01 13:22:34,507 DATABASE [INFO] : Connecting to database...
2020-09-01 13:22:34,507 DATABASE [INFO] : Connected to database file
2020-09-01 13:22:34,508 DATABASE [INFO] : Creating cursor...
2020-09-01 13:22:34,508 DATABASE [INFO] : DataBase cursor was created
2020-09-01 13:22:34,508 DATABASE [INFO] : Creating table...
2020-09-01 13:22:34,508 DATABASE [INFO] : Table was created
2020-09-01 13:22:34,508 DATABASE [INFO] : Inserting data into the table...
2020-09-01 13:22:34,508 DATABASE [INFO] : Data was added to the table
2020-09-01 13:22:34,508 DATABASE [INFO] : Inserting data into the table...
2020-09-01 13:22:34,508 DATABASE [INFO] : Data was added to the table
2020-09-01 13:22:34,508 DATABASE [INFO] : Selecting data from the table...
2020-09-01 13:22:34,508 DATABASE [INFO] : Data was selected from table
2020-09-01 13:23:48,736 DATABASE [INFO] : Connecting to database...
2020-09-01 13:23:48,736 DATABASE [INFO] : Connected to database file
2020-09-01 13:23:48,736 DATABASE [INFO] : Creating cursor...
2020-09-01 13:23:48,736 DATABASE [INFO] : DataBase cursor was created
2020-09-01 13:23:48,736 DATABASE [INFO] : Creating table...
2020-09-01 13:23:48,736 DATABASE [INFO] : Table was created
2020-09-01 13:23:48,736 DATABASE [INFO] : Inserting data into the table...
2020-09-01 13:23:48,736 DATABASE [INFO] : Data was added to the table
2020-09-01 13:23:48,736 DATABASE [INFO] : Inserting data into the table...
2020-09-01 13:23:48,736 DATABASE [INFO] : Data was added to the table
2020-09-01 13:23:48,736 DATABASE [INFO] : Selecting data from the table...
2020-09-01 13:23:48,737 DATABASE [INFO] : Data was selected from table
2020-09-01 13:23:57,911 DATABASE [INFO] : Connecting to database...
2020-09-01 13:23:57,912 DATABASE [INFO] : Connected to database file
2020-09-01 13:23:57,912 DATABASE [INFO] : Creating cursor...
2020-09-01 13:23:57,912 DATABASE [INFO] : DataBase cursor was created
2020-09-01 13:23:57,912 DATABASE [INFO] : Creating table...
2020-09-01 13:23:57,912 DATABASE [INFO] : Table was created
2020-09-01 13:23:57,912 DATABASE [INFO] : Inserting data into the table...
2020-09-01 13:23:57,912 DATABASE [INFO] : Data was added to the table
2020-09-01 13:23:57,912 DATABASE [INFO] : Inserting data into the table...
2020-09-01 13:23:57,912 DATABASE [INFO] : Data was added to the table
2020-09-01 13:23:57,912 DATABASE [INFO] : Selecting data from the table...
2020-09-01 13:23:57,912 DATABASE [INFO] : Data was selected from table
2020-09-01 13:24:04,509 DATABASE [INFO] : Connecting to database...
2020-09-01 13:24:04,509 DATABASE [INFO] : Connected to database file
2020-09-01 13:24:04,509 DATABASE [INFO] : Creating cursor...
2020-09-01 13:24:04,509 DATABASE [INFO] : DataBase cursor was created
2020-09-01 13:24:04,509 DATABASE [INFO] : Creating table...
2020-09-01 13:24:04,509 DATABASE [INFO] : Table was created
2020-09-01 13:24:04,509 DATABASE [INFO] : Inserting data into the table...
2020-09-01 13:24:04,509 DATABASE [INFO] : Data was added to the table
2020-09-01 13:24:04,509 DATABASE [INFO] : Inserting data into the table...
2020-09-01 13:24:04,509 DATABASE [INFO] : Data was added to the table
2020-09-01 13:24:04,509 DATABASE [INFO] : Selecting data from the table...
2020-09-01 13:24:04,509 DATABASE [INFO] : Data was selected from table
2020-09-01 13:24:10,967 DATABASE [INFO] : Connecting to database...
2020-09-01 13:24:10,967 DATABASE [INFO] : Connected to database file
2020-09-01 13:24:10,967 DATABASE [INFO] : Creating cursor...
2020-09-01 13:24:10,967 DATABASE [INFO] : DataBase cursor was created
2020-09-01 13:24:10,967 DATABASE [INFO] : Creating table...
2020-09-01 13:24:10,967 DATABASE [INFO] : Table was created
2020-09-01 13:24:10,967 DATABASE [INFO] : Inserting data into the table...
2020-09-01 13:24:10,967 DATABASE [INFO] : Data was added to the table
2020-09-01 13:24:10,967 DATABASE [INFO] : Inserting data into the table...
2020-09-01 13:24:10,967 DATABASE [INFO] : Data was added to the table
2020-09-01 13:24:10,968 DATABASE [INFO] : Selecting data from the table...
2020-09-01 13:24:10,968 DATABASE [INFO] : Data was selected from table
2020-09-01 13:24:30,563 DATABASE [INFO] : Connecting to database...
2020-09-01 13:24:30,563 DATABASE [INFO] : Connected to database file
2020-09-01 13:24:30,563 DATABASE [INFO] : Creating cursor...
2020-09-01 13:24:30,563 DATABASE [INFO] : DataBase cursor was created
2020-09-01 13:24:30,563 DATABASE [INFO] : Creating table...
2020-09-01 13:24:30,563 DATABASE [INFO] : Table was created
2020-09-01 13:24:30,563 DATABASE [INFO] : Inserting data into the table...
2020-09-01 13:24:30,563 DATABASE [INFO] : Data was added to the table
2020-09-01 13:24:30,563 DATABASE [INFO] : Inserting data into the table...
2020-09-01 13:24:30,563 DATABASE [INFO] : Data was added to the table
2020-09-01 13:24:30,563 DATABASE [INFO] : Selecting data from the table...
2020-09-01 13:24:30,563 DATABASE [INFO] : Data was selected from table
2020-09-01 13:24:48,987 DATABASE [INFO] : Connecting to database...
2020-09-01 13:24:48,987 DATABASE [INFO] : Connected to database file
2020-09-01 13:24:48,987 DATABASE [INFO] : Creating cursor...
2020-09-01 13:24:48,987 DATABASE [INFO] : DataBase cursor was created
2020-09-01 13:24:48,987 DATABASE [INFO] : Creating table...
2020-09-01 13:24:48,987 DATABASE [INFO] : Table was created
2020-09-01 13:24:48,987 DATABASE [INFO] : Inserting data into the table...
2020-09-01 13:24:48,987 DATABASE [INFO] : Data was added to the table
2020-09-01 13:24:48,988 DATABASE [INFO] : Inserting data into the table...
2020-09-01 13:24:48,988 DATABASE [INFO] : Data was added to the table
2020-09-01 13:24:48,988 DATABASE [INFO] : Selecting data from the table...
2020-09-01 13:24:48,988 DATABASE [INFO] : Data was selected from table
2020-09-01 13:25:27,293 DATABASE [INFO] : Connecting to database...
2020-09-01 13:25:27,293 DATABASE [INFO] : Connected to database file
2020-09-01 13:25:27,293 DATABASE [INFO] : Creating cursor...
2020-09-01 13:25:27,293 DATABASE [INFO] : DataBase cursor was created
2020-09-01 13:25:27,294 DATABASE [INFO] : Creating table...
2020-09-01 13:25:27,294 DATABASE [INFO] : Table was created
2020-09-01 13:25:27,294 DATABASE [INFO] : Inserting data into the table...
2020-09-01 13:25:27,294 DATABASE [INFO] : Data was added to the table
2020-09-01 13:25:27,294 DATABASE [INFO] : Inserting data into the table...
2020-09-01 13:25:27,294 DATABASE [INFO] : Data was added to the table
2020-09-01 13:25:27,294 DATABASE [INFO] : Inserting data into the table...
2020-09-01 13:25:27,294 DATABASE [INFO] : Data was added to the table
2020-09-01 13:25:27,294 DATABASE [INFO] : Inserting data into the table...
2020-09-01 13:25:27,294 DATABASE [INFO] : Data was added to the table
2020-09-01 13:25:27,294 DATABASE [INFO] : Selecting data from the table...
2020-09-01 13:25:27,294 DATABASE [INFO] : Data was selected from table
2020-09-01 13:25:52,602 DATABASE [INFO] : Connecting to database...
2020-09-01 13:25:52,602 DATABASE [INFO] : Connected to database file
2020-09-01 13:25:52,602 DATABASE [INFO] : Creating cursor...
2020-09-01 13:25:52,602 DATABASE [INFO] : DataBase cursor was created
2020-09-01 13:25:52,602 DATABASE [INFO] : Creating table...
2020-09-01 13:25:52,602 DATABASE [INFO] : Table was created
2020-09-01 13:25:52,602 DATABASE [INFO] : Inserting data into the table...
2020-09-01 13:25:52,603 DATABASE [INFO] : Data was added to the table
2020-09-01 13:25:52,671 DATABASE [INFO] : Inserting data into the table...
2020-09-01 13:25:52,671 DATABASE [INFO] : Data was added to the table
2020-09-01 13:25:52,738 DATABASE [INFO] : Inserting data into the table...
2020-09-01 13:25:52,738 DATABASE [INFO] : Data was added to the table
2020-09-01 13:25:52,796 DATABASE [INFO] : Inserting data into the table...
2020-09-01 13:25:52,797 DATABASE [INFO] : Data was added to the table
2020-09-01 13:25:52,871 DATABASE [INFO] : Selecting data from the table...
2020-09-01 13:25:52,871 DATABASE [INFO] : Data was selected from table
2020-09-01 13:25:53,750 DATABASE [INFO] : Connecting to database...
2020-09-01 13:25:53,750 DATABASE [INFO] : Connected to database file
2020-09-01 13:25:53,750 DATABASE [INFO] : Creating cursor...
2020-09-01 13:25:53,750 DATABASE [INFO] : DataBase cursor was created
2020-09-01 13:25:53,750 DATABASE [INFO] : Creating table...
2020-09-01 13:25:53,750 DATABASE [INFO] : Table was created
2020-09-01 13:25:53,750 DATABASE [INFO] : Inserting data into the table...
2020-09-01 13:25:53,750 DATABASE [WARNING] : UNIQUE constraint failed: fuel.id
2020-09-01 13:25:53,750 DATABASE [INFO] : Inserting data into the table...
2020-09-01 13:25:53,750 DATABASE [WARNING] : UNIQUE constraint failed: fuel.id
2020-09-01 13:25:53,750 DATABASE [INFO] : Inserting data into the table...
2020-09-01 13:25:53,750 DATABASE [WARNING] : UNIQUE constraint failed: fuel.id
2020-09-01 13:25:53,750 DATABASE [INFO] : Inserting data into the table...
2020-09-01 13:25:53,750 DATABASE [WARNING] : UNIQUE constraint failed: fuel.id
2020-09-01 13:25:53,750 DATABASE [INFO] : Selecting data from the table...
2020-09-01 13:25:53,751 DATABASE [INFO] : Data was selected from table
2020-09-01 13:25:54,528 DATABASE [INFO] : Connecting to database...
2020-09-01 13:25:54,528 DATABASE [INFO] : Connected to database file
2020-09-01 13:25:54,528 DATABASE [INFO] : Creating cursor...
2020-09-01 13:25:54,528 DATABASE [INFO] : DataBase cursor was created
2020-09-01 13:25:54,528 DATABASE [INFO] : Creating table...
2020-09-01 13:25:54,529 DATABASE [INFO] : Table was created
2020-09-01 13:25:54,529 DATABASE [INFO] : Inserting data into the table...
2020-09-01 13:25:54,529 DATABASE [WARNING] : UNIQUE constraint failed: fuel.id
2020-09-01 13:25:54,529 DATABASE [INFO] : Inserting data into the table...
2020-09-01 13:25:54,529 DATABASE [WARNING] : UNIQUE constraint failed: fuel.id
2020-09-01 13:25:54,529 DATABASE [INFO] : Inserting data into the table...
2020-09-01 13:25:54,529 DATABASE [WARNING] : UNIQUE constraint failed: fuel.id
2020-09-01 13:25:54,529 DATABASE [INFO] : Inserting data into the table...
2020-09-01 13:25:54,529 DATABASE [WARNING] : UNIQUE constraint failed: fuel.id
2020-09-01 13:25:54,529 DATABASE [INFO] : Selecting data from the table...
2020-09-01 13:25:54,529 DATABASE [INFO] : Data was selected from table
2020-09-01 13:25:55,559 DATABASE [INFO] : Connecting to database...
2020-09-01 13:25:55,560 DATABASE [INFO] : Connected to database file
2020-09-01 13:25:55,560 DATABASE [INFO] : Creating cursor...
2020-09-01 13:25:55,560 DATABASE [INFO] : DataBase cursor was created
2020-09-01 13:25:55,560 DATABASE [INFO] : Creating table...
2020-09-01 13:25:55,561 DATABASE [INFO] : Table was created
2020-09-01 13:25:55,561 DATABASE [INFO] : Inserting data into the table...
2020-09-01 13:25:55,561 DATABASE [WARNING] : UNIQUE constraint failed: fuel.id
2020-09-01 13:25:55,561 DATABASE [INFO] : Inserting data into the table...
2020-09-01 13:25:55,561 DATABASE [WARNING] : UNIQUE constraint failed: fuel.id
2020-09-01 13:25:55,561 DATABASE [INFO] : Inserting data into the table...
2020-09-01 13:25:55,561 DATABASE [WARNING] : UNIQUE constraint failed: fuel.id
2020-09-01 13:25:55,561 DATABASE [INFO] : Inserting data into the table...
2020-09-01 13:25:55,561 DATABASE [WARNING] : UNIQUE constraint failed: fuel.id
2020-09-01 13:25:55,561 DATABASE [INFO] : Selecting data from the table...
2020-09-01 13:25:55,561 DATABASE [INFO] : Data was selected from table
2020-09-01 13:27:02,241 DATABASE [INFO] : Connecting to database...
2020-09-01 13:27:02,242 DATABASE [INFO] : Connected to database file
2020-09-01 13:27:02,242 DATABASE [INFO] : Creating cursor...
2020-09-01 13:27:02,242 DATABASE [INFO] : DataBase cursor was created
2020-09-01 13:27:02,242 DATABASE [INFO] : Creating table...
2020-09-01 13:27:02,242 DATABASE [INFO] : Table was created
2020-09-01 13:27:02,242 DATABASE [INFO] : Inserting data into the table...
2020-09-01 13:27:02,242 DATABASE [INFO] : Data was added to the table
2020-09-01 13:27:02,300 DATABASE [INFO] : Inserting data into the table...
2020-09-01 13:27:02,300 DATABASE [INFO] : Data was added to the table
2020-09-01 13:27:02,333 DATABASE [INFO] : Inserting data into the table...
2020-09-01 13:27:02,333 DATABASE [INFO] : Data was added to the table
2020-09-01 13:27:02,400 DATABASE [INFO] : Inserting data into the table...
2020-09-01 13:27:02,400 DATABASE [INFO] : Data was added to the table
2020-09-01 13:27:02,450 DATABASE [INFO] : Selecting data from the table...
2020-09-01 13:27:02,450 DATABASE [INFO] : Data was selected from table
2020-09-01 13:35:28,669 DATABASE [INFO] : Connecting to database...
2020-09-01 13:35:28,669 DATABASE [INFO] : Connected to database file
2020-09-01 13:35:28,669 DATABASE [INFO] : Creating cursor...
2020-09-01 13:35:28,669 DATABASE [INFO] : DataBase cursor was created
2020-09-01 13:35:28,669 DATABASE [INFO] : Creating table...
2020-09-01 13:35:28,670 DATABASE [INFO] : Table was created
2020-09-01 13:35:28,670 DATABASE [INFO] : Inserting data into the table...
2020-09-01 13:35:28,670 DATABASE [INFO] : Data was added to the table
2020-09-01 13:35:28,670 DATABASE [INFO] : Inserting data into the table...
2020-09-01 13:35:28,670 DATABASE [INFO] : Data was added to the table
2020-09-01 13:35:28,670 DATABASE [INFO] : Inserting data into the table...
2020-09-01 13:35:28,670 DATABASE [INFO] : Data was added to the table
2020-09-01 13:35:28,670 DATABASE [INFO] : Inserting data into the table...
2020-09-01 13:35:28,670 DATABASE [INFO] : Data was added to the table
2020-09-01 13:35:28,670 DATABASE [INFO] : Selecting data from the table...
2020-09-01 13:35:44,534 DATABASE [INFO] : Connecting to database...
2020-09-01 13:35:44,534 DATABASE [INFO] : Connected to database file
2020-09-01 13:35:44,534 DATABASE [INFO] : Creating cursor...
2020-09-01 13:35:44,534 DATABASE [INFO] : DataBase cursor was created
2020-09-01 13:35:44,534 DATABASE [INFO] : Creating table...
2020-09-01 13:35:44,534 DATABASE [INFO] : Table was created
2020-09-01 13:35:44,534 DATABASE [INFO] : Inserting data into the table...
2020-09-01 13:35:44,534 DATABASE [INFO] : Data was added to the table
2020-09-01 13:35:44,534 DATABASE [INFO] : Inserting data into the table...
2020-09-01 13:35:44,534 DATABASE [INFO] : Data was added to the table
2020-09-01 13:35:44,534 DATABASE [INFO] : Inserting data into the table...
2020-09-01 13:35:44,534 DATABASE [INFO] : Data was added to the table
2020-09-01 13:35:44,535 DATABASE [INFO] : Inserting data into the table...
2020-09-01 13:35:44,535 DATABASE [INFO] : Data was added to the table
2020-09-01 13:35:44,535 DATABASE [INFO] : Selecting data from the table...
2020-09-01 13:36:02,726 DATABASE [INFO] : Connecting to database...
2020-09-01 13:36:02,726 DATABASE [INFO] : Connected to database file
2020-09-01 13:36:02,726 DATABASE [INFO] : Creating cursor...
2020-09-01 13:36:02,726 DATABASE [INFO] : DataBase cursor was created
2020-09-01 13:36:02,726 DATABASE [INFO] : Creating table...
2020-09-01 13:36:02,726 DATABASE [INFO] : Table was created
2020-09-01 13:36:02,726 DATABASE [INFO] : Inserting data into the table...
2020-09-01 13:36:02,727 DATABASE [INFO] : Data was added to the table
2020-09-01 13:36:02,727 DATABASE [INFO] : Inserting data into the table...
2020-09-01 13:36:02,727 DATABASE [INFO] : Data was added to the table
2020-09-01 13:36:02,727 DATABASE [INFO] : Inserting data into the table...
2020-09-01 13:36:02,727 DATABASE [INFO] : Data was added to the table
2020-09-01 13:36:02,727 DATABASE [INFO] : Inserting data into the table...
2020-09-01 13:36:02,727 DATABASE [INFO] : Data was added to the table
2020-09-01 13:36:02,727 DATABASE [INFO] : Selecting data from the table...
2020-09-01 13:36:07,227 DATABASE [INFO] : Connecting to database...
2020-09-01 13:36:07,227 DATABASE [INFO] : Connected to database file
2020-09-01 13:36:07,227 DATABASE [INFO] : Creating cursor...
2020-09-01 13:36:07,227 DATABASE [INFO] : DataBase cursor was created
2020-09-01 13:36:07,227 DATABASE [INFO] : Creating table...
2020-09-01 13:36:07,227 DATABASE [INFO] : Table was created
2020-09-01 13:36:07,227 DATABASE [INFO] : Inserting data into the table...
2020-09-01 13:36:07,227 DATABASE [INFO] : Data was added to the table
2020-09-01 13:36:07,227 DATABASE [INFO] : Inserting data into the table...
2020-09-01 13:36:07,227 DATABASE [INFO] : Data was added to the table
2020-09-01 13:36:07,228 DATABASE [INFO] : Inserting data into the table...
2020-09-01 13:36:07,228 DATABASE [INFO] : Data was added to the table
2020-09-01 13:36:07,228 DATABASE [INFO] : Inserting data into the table...
2020-09-01 13:36:07,228 DATABASE [INFO] : Data was added to the table
2020-09-01 13:36:07,228 DATABASE [INFO] : Selecting data from the table...
2020-09-01 13:50:25,303 DATABASE [INFO] : Connecting to database...
2020-09-01 13:50:25,303 DATABASE [INFO] : Connected to database file
2020-09-01 13:50:25,303 DATABASE [INFO] : Creating cursor...
2020-09-01 13:50:25,303 DATABASE [INFO] : DataBase cursor was created
2020-09-01 13:50:25,303 DATABASE [INFO] : Creating table...
2020-09-01 13:50:25,303 DATABASE [INFO] : Table was created
2020-09-01 13:51:11,844 DATABASE [INFO] : Connecting to database...
2020-09-01 13:51:11,845 DATABASE [INFO] : Connected to database file
2020-09-01 13:51:11,845 DATABASE [INFO] : Creating cursor...
2020-09-01 13:51:11,845 DATABASE [INFO] : DataBase cursor was created
2020-09-01 13:51:11,845 DATABASE [INFO] : Creating table...
2020-09-01 13:51:11,845 DATABASE [INFO] : Table was created
2020-09-01 13:54:01,814 DATABASE [INFO] : Connecting to database...
2020-09-01 13:54:01,814 DATABASE [INFO] : Connected to database file
2020-09-01 13:54:01,814 DATABASE [INFO] : Creating cursor...
2020-09-01 13:54:01,814 DATABASE [INFO] : DataBase cursor was created
2020-09-01 13:54:01,814 DATABASE [INFO] : Creating table...
2020-09-01 13:54:01,815 DATABASE [INFO] : Table was created
2020-09-01 14:07:09,442 DATABASE [INFO] : Connecting to database...
2020-09-01 14:07:09,442 DATABASE [INFO] : Connected to database file
2020-09-01 14:07:09,442 DATABASE [INFO] : Creating cursor...
2020-09-01 14:07:09,442 DATABASE [INFO] : DataBase cursor was created
2020-09-01 14:07:09,442 DATABASE [INFO] : Creating table...
2020-09-01 14:07:09,443 DATABASE [INFO] : Table was created
2020-09-01 14:08:03,402 DATABASE [INFO] : Connecting to database...
2020-09-01 14:08:03,402 DATABASE [INFO] : Connected to database file
2020-09-01 14:08:03,403 DATABASE [INFO] : Creating cursor...
2020-09-01 14:08:03,403 DATABASE [INFO] : DataBase cursor was created
2020-09-01 14:08:03,403 DATABASE [INFO] : Creating table...
2020-09-01 14:08:03,403 DATABASE [INFO] : Table was created
2020-09-01 14:08:03,403 DATABASE [INFO] : Inserting listdata into the table...
2020-09-01 14:08:22,905 DATABASE [INFO] : Connecting to database...
2020-09-01 14:08:22,906 DATABASE [INFO] : Connected to database file
2020-09-01 14:08:22,906 DATABASE [INFO] : Creating cursor...
2020-09-01 14:08:22,906 DATABASE [INFO] : DataBase cursor was created
2020-09-01 14:08:22,906 DATABASE [INFO] : Creating table...
2020-09-01 14:08:22,906 DATABASE [INFO] : Table was created
2020-09-01 14:08:22,906 DATABASE [INFO] : Inserting listdata into the table...
2020-09-01 14:08:22,906 DATABASE [WARNING] : near ",": syntax error
2020-09-01 14:08:22,906 DATABASE [INFO] : Selecting data from the table...
2020-09-01 14:08:22,906 DATABASE [INFO] : Data was selected from table
2020-09-01 14:08:38,942 DATABASE [INFO] : Connecting to database...
2020-09-01 14:08:38,942 DATABASE [INFO] : Connected to database file
2020-09-01 14:08:38,943 DATABASE [INFO] : Creating cursor...
2020-09-01 14:08:38,943 DATABASE [INFO] : DataBase cursor was created
2020-09-01 14:08:38,943 DATABASE [INFO] : Creating table...
2020-09-01 14:08:39,024 DATABASE [INFO] : Table was created
2020-09-01 14:08:39,024 DATABASE [INFO] : Inserting listdata into the table...
2020-09-01 14:08:39,024 DATABASE [WARNING] : near ",": syntax error
2020-09-01 14:08:39,024 DATABASE [INFO] : Selecting data from the table...
2020-09-01 14:08:39,024 DATABASE [INFO] : Data was selected from table
2020-09-01 14:09:42,446 DATABASE [INFO] : Connecting to database...
2020-09-01 14:09:42,446 DATABASE [INFO] : Connected to database file
2020-09-01 14:09:42,446 DATABASE [INFO] : Creating cursor...
2020-09-01 14:09:42,446 DATABASE [INFO] : DataBase cursor was created
2020-09-01 14:09:42,446 DATABASE [INFO] : Creating table...
2020-09-01 14:09:42,446 DATABASE [INFO] : Table was created
2020-09-01 14:09:42,446 DATABASE [INFO] : Inserting listdata into the table...
2020-09-01 14:09:42,447 DATABASE [WARNING] : near ",": syntax error
2020-09-01 14:09:42,447 DATABASE [INFO] : Selecting data from the table...
2020-09-01 14:09:42,447 DATABASE [INFO] : Data was selected from table
2020-09-01 14:11:11,881 DATABASE [INFO] : Connecting to database...
2020-09-01 14:11:11,881 DATABASE [INFO] : Connected to database file
2020-09-01 14:11:11,881 DATABASE [INFO] : Creating cursor...
2020-09-01 14:11:11,881 DATABASE [INFO] : DataBase cursor was created
2020-09-01 14:11:11,881 DATABASE [INFO] : Creating table...
2020-09-01 14:11:11,881 DATABASE [INFO] : Table was created
2020-09-01 14:11:11,882 DATABASE [INFO] : Inserting listdata into the table...
2020-09-01 14:11:11,882 DATABASE [WARNING] : near ",": syntax error
2020-09-01 14:11:11,882 DATABASE [INFO] : Selecting data from the table...
2020-09-01 14:11:11,882 DATABASE [INFO] : Data was selected from table
2020-09-01 14:25:47,132 DATABASE [INFO] : Connecting to database...
2020-09-01 14:25:47,132 DATABASE [INFO] : Connected to database file
2020-09-01 14:25:47,132 DATABASE [INFO] : Creating cursor...
2020-09-01 14:25:47,132 DATABASE [INFO] : DataBase cursor was created
2020-09-01 14:25:47,132 DATABASE [INFO] : Creating table...
2020-09-01 14:25:47,132 DATABASE [INFO] : Table was created
2020-09-01 14:25:47,132 DATABASE [INFO] : Inserting listdata into the table...
2020-09-01 14:25:47,133 DATABASE [WARNING] : near "62.9": syntax error
2020-09-01 14:25:47,133 DATABASE [INFO] : Selecting data from the table...
2020-09-01 14:25:47,133 DATABASE [INFO] : Data was selected from table
2020-09-01 14:26:07,676 DATABASE [INFO] : Connecting to database...
2020-09-01 14:26:07,676 DATABASE [INFO] : Connected to database file
2020-09-01 14:26:07,676 DATABASE [INFO] : Creating cursor...
2020-09-01 14:26:07,676 DATABASE [INFO] : DataBase cursor was created
2020-09-01 14:26:07,676 DATABASE [INFO] : Creating table...
2020-09-01 14:26:07,677 DATABASE [INFO] : Table was created
2020-09-01 14:26:07,677 DATABASE [INFO] : Inserting listdata into the table...
2020-09-01 14:26:07,677 DATABASE [WARNING] : near "62.9": syntax error
2020-09-01 14:26:07,677 DATABASE [INFO] : Selecting data from the table...
2020-09-01 14:26:07,677 DATABASE [INFO] : Data was selected from table
2020-09-01 14:26:33,558 DATABASE [INFO] : Connecting to database...
2020-09-01 14:26:33,558 DATABASE [INFO] : Connected to database file
2020-09-01 14:26:33,558 DATABASE [INFO] : Creating cursor...
2020-09-01 14:26:33,558 DATABASE [INFO] : DataBase cursor was created
2020-09-01 14:26:33,558 DATABASE [INFO] : Creating table...
2020-09-01 14:26:33,558 DATABASE [INFO] : Table was created
2020-09-01 14:26:33,559 DATABASE [INFO] : Inserting listdata into the table...
2020-09-01 14:26:33,559 DATABASE [WARNING] : near "62.9": syntax error
2020-09-01 14:26:33,559 DATABASE [INFO] : Selecting data from the table...
2020-09-01 14:26:33,559 DATABASE [INFO] : Data was selected from table
2020-09-01 14:33:44,907 DATABASE [INFO] : Connecting to database...
2020-09-01 14:33:44,907 DATABASE [INFO] : Connected to database file
2020-09-01 14:33:44,907 DATABASE [INFO] : Creating cursor...
2020-09-01 14:33:44,907 DATABASE [INFO] : DataBase cursor was created
2020-09-01 14:33:44,907 DATABASE [INFO] : Creating table...
2020-09-01 14:33:44,907 DATABASE [INFO] : Table was created
2020-09-01 14:33:44,907 DATABASE [INFO] : Inserting listdata into the table...
2020-09-01 14:34:10,164 DATABASE [INFO] : Connecting to database...
2020-09-01 14:34:10,164 DATABASE [INFO] : Connected to database file
2020-09-01 14:34:10,164 DATABASE [INFO] : Creating cursor...
2020-09-01 14:34:10,164 DATABASE [INFO] : DataBase cursor was created
2020-09-01 14:34:10,164 DATABASE [INFO] : Creating table...
2020-09-01 14:34:10,164 DATABASE [INFO] : Table was created
2020-09-01 14:34:10,164 DATABASE [INFO] : Inserting listdata into the table...
2020-09-01 14:34:10,164 DATABASE [WARNING] : 11 values for 2 columns
2020-09-01 14:34:10,165 DATABASE [INFO] : Selecting data from the table...
2020-09-01 14:34:10,165 DATABASE [INFO] : Data was selected from table
2020-09-01 14:34:32,674 DATABASE [INFO] : Connecting to database...
2020-09-01 14:34:32,674 DATABASE [INFO] : Connected to database file
2020-09-01 14:34:32,674 DATABASE [INFO] : Creating cursor...
2020-09-01 14:34:32,674 DATABASE [INFO] : DataBase cursor was created
2020-09-01 14:34:32,674 DATABASE [INFO] : Creating table...
2020-09-01 14:34:32,674 DATABASE [INFO] : Table was created
2020-09-01 14:34:32,675 DATABASE [INFO] : Inserting listdata into the table...
2020-09-01 14:34:32,675 DATABASE [WARNING] : 11 values for 2 columns
2020-09-01 14:34:32,675 DATABASE [INFO] : Selecting data from the table...
2020-09-01 14:34:32,675 DATABASE [INFO] : Data was selected from table
2020-09-01 14:39:44,452 DATABASE [INFO] : Connecting to database...
2020-09-01 14:39:44,452 DATABASE [INFO] : Connected to database file
2020-09-01 14:39:44,452 DATABASE [INFO] : Creating cursor...
2020-09-01 14:39:44,452 DATABASE [INFO] : DataBase cursor was created
2020-09-01 14:39:44,452 DATABASE [INFO] : Creating table...
2020-09-01 14:39:44,452 DATABASE [INFO] : Table was created
2020-09-01 14:39:44,453 DATABASE [INFO] : Inserting listdata into the table...
2020-09-01 14:39:44,453 DATABASE [WARNING] : 11 values for 2 columns
2020-09-01 14:39:44,453 DATABASE [INFO] : Selecting data from the table...
2020-09-01 14:39:44,453 DATABASE [INFO] : Data was selected from table
2020-09-01 14:43:47,927 DATABASE [INFO] : Connecting to database...
2020-09-01 14:43:47,928 DATABASE [INFO] : Connected to database file
2020-09-01 14:43:47,928 DATABASE [INFO] : Creating cursor...
2020-09-01 14:43:47,928 DATABASE [INFO] : DataBase cursor was created
2020-09-01 14:43:47,928 DATABASE [INFO] : Creating table...
2020-09-01 14:43:47,928 DATABASE [INFO] : Table was created
2020-09-01 14:43:47,928 DATABASE [INFO] : Inserting listdata into the table...
2020-09-01 14:43:47,928 DATABASE [WARNING] : 11 values for 2 columns
2020-09-01 14:43:47,928 DATABASE [INFO] : Selecting data from the table...
2020-09-01 14:43:47,928 DATABASE [INFO] : Data was selected from table
2020-09-01 14:43:57,424 DATABASE [INFO] : Connecting to database...
2020-09-01 14:43:57,424 DATABASE [INFO] : Connected to database file
2020-09-01 14:43:57,424 DATABASE [INFO] : Creating cursor...
2020-09-01 14:43:57,424 DATABASE [INFO] : DataBase cursor was created
2020-09-01 14:43:57,424 DATABASE [INFO] : Creating table...
2020-09-01 14:43:57,424 DATABASE [INFO] : Table was created
2020-09-01 14:43:57,424 DATABASE [INFO] : Inserting listdata into the table...
2020-09-01 14:44:52,495 DATABASE [INFO] : Connecting to database...
2020-09-01 14:44:52,495 DATABASE [INFO] : Connected to database file
2020-09-01 14:44:52,495 DATABASE [INFO] : Creating cursor...
2020-09-01 14:44:52,495 DATABASE [INFO] : DataBase cursor was created
2020-09-01 14:44:52,495 DATABASE [INFO] : Creating table...
2020-09-01 14:44:52,495 DATABASE [INFO] : Table was created
2020-09-01 14:44:52,495 DATABASE [INFO] : Inserting listdata into the table...
2020-09-01 14:45:15,483 DATABASE [INFO] : Connecting to database...
2020-09-01 14:45:15,483 DATABASE [INFO] : Connected to database file
2020-09-01 14:45:15,483 DATABASE [INFO] : Creating cursor...
2020-09-01 14:45:15,483 DATABASE [INFO] : DataBase cursor was created
2020-09-01 14:45:15,483 DATABASE [INFO] : Creating table...
2020-09-01 14:45:15,483 DATABASE [INFO] : Table was created
2020-09-01 14:45:15,484 DATABASE [INFO] : Inserting listdata into the table...
2020-09-01 14:45:37,186 DATABASE [INFO] : Connecting to database...
2020-09-01 14:45:37,187 DATABASE [INFO] : Connected to database file
2020-09-01 14:45:37,187 DATABASE [INFO] : Creating cursor...
2020-09-01 14:45:37,187 DATABASE [INFO] : DataBase cursor was created
2020-09-01 14:45:37,187 DATABASE [INFO] : Creating table...
2020-09-01 14:45:37,187 DATABASE [INFO] : Table was created
2020-09-01 14:45:37,187 DATABASE [INFO] : Inserting listdata into the table...
2020-09-01 14:45:37,187 DATABASE [WARNING] : Incorrect number of bindings supplied. The current statement uses 2, and there are 11 supplied.
2020-09-01 14:45:37,187 DATABASE [INFO] : Selecting data from the table...
2020-09-01 14:45:37,187 DATABASE [INFO] : Data was selected from table
2020-09-01 14:46:16,037 DATABASE [INFO] : Connecting to database...
2020-09-01 14:46:16,038 DATABASE [INFO] : Connected to database file
2020-09-01 14:46:16,038 DATABASE [INFO] : Creating cursor...
2020-09-01 14:46:16,038 DATABASE [INFO] : DataBase cursor was created
2020-09-01 14:46:16,038 DATABASE [INFO] : Creating table...
2020-09-01 14:46:16,038 DATABASE [INFO] : Table was created
2020-09-01 14:46:16,038 DATABASE [INFO] : Inserting listdata into the table...
2020-09-01 14:46:16,038 DATABASE [WARNING] : near ")": syntax error
2020-09-01 14:46:16,038 DATABASE [INFO] : Selecting data from the table...
2020-09-01 14:46:16,038 DATABASE [INFO] : Data was selected from table
2020-09-01 14:47:31,721 DATABASE [INFO] : Connecting to database...
2020-09-01 14:47:31,722 DATABASE [INFO] : Connected to database file
2020-09-01 14:47:31,722 DATABASE [INFO] : Creating cursor...
2020-09-01 14:47:31,722 DATABASE [INFO] : DataBase cursor was created
2020-09-01 14:47:31,722 DATABASE [INFO] : Creating table...
2020-09-01 14:47:31,722 DATABASE [INFO] : Table was created
2020-09-01 14:47:31,722 DATABASE [INFO] : Inserting listdata into the table...
2020-09-01 14:47:31,722 DATABASE [WARNING] : near ")": syntax error
2020-09-01 14:47:31,722 DATABASE [INFO] : Selecting data from the table...
2020-09-01 14:47:31,722 DATABASE [INFO] : Data was selected from table
2020-09-01 14:48:06,563 DATABASE [INFO] : Connecting to database...
2020-09-01 14:48:06,563 DATABASE [INFO] : Connected to database file
2020-09-01 14:48:06,563 DATABASE [INFO] : Creating cursor...
2020-09-01 14:48:06,563 DATABASE [INFO] : DataBase cursor was created
2020-09-01 14:48:06,563 DATABASE [INFO] : Creating table...
2020-09-01 14:48:06,563 DATABASE [INFO] : Table was created
2020-09-01 14:48:06,563 DATABASE [INFO] : Inserting listdata into the table...
2020-09-01 14:48:06,563 DATABASE [INFO] : Data was added to the table
2020-09-01 14:48:06,563 DATABASE [INFO] : Selecting data from the table...
2020-09-01 14:48:06,563 DATABASE [INFO] : Data was selected from table
2020-09-01 14:48:39,122 DATABASE [INFO] : Connecting to database...
2020-09-01 14:48:39,122 DATABASE [INFO] : Connected to database file
2020-09-01 14:48:39,122 DATABASE [INFO] : Creating cursor...
2020-09-01 14:48:39,122 DATABASE [INFO] : DataBase cursor was created
2020-09-01 14:48:39,122 DATABASE [INFO] : Creating table...
2020-09-01 14:48:39,122 DATABASE [INFO] : Table was created
2020-09-01 14:48:39,123 DATABASE [INFO] : Inserting listdata into the table...
2020-09-01 14:48:39,123 DATABASE [WARNING] : near ")": syntax error
2020-09-01 14:48:39,123 DATABASE [INFO] : Selecting data from the table...
2020-09-01 14:48:39,123 DATABASE [INFO] : Data was selected from table
2020-09-01 14:50:13,611 DATABASE [INFO] : Connecting to database...
2020-09-01 14:50:13,611 DATABASE [INFO] : Connected to database file
2020-09-01 14:50:13,611 DATABASE [INFO] : Creating cursor...
2020-09-01 14:50:13,611 DATABASE [INFO] : DataBase cursor was created
2020-09-01 14:50:13,611 DATABASE [INFO] : Creating table...
2020-09-01 14:50:13,612 DATABASE [INFO] : Table was created
2020-09-01 14:50:13,612 DATABASE [INFO] : Inserting listdata into the table...
2020-09-01 14:50:32,373 DATABASE [INFO] : Connecting to database...
2020-09-01 14:50:32,373 DATABASE [INFO] : Connected to database file
2020-09-01 14:50:32,373 DATABASE [INFO] : Creating cursor...
2020-09-01 14:50:32,373 DATABASE [INFO] : DataBase cursor was created
2020-09-01 14:50:32,373 DATABASE [INFO] : Creating table...
2020-09-01 14:50:32,373 DATABASE [INFO] : Table was created
2020-09-01 14:50:32,373 DATABASE [INFO] : Inserting listdata into the table...
2020-09-01 14:50:32,373 DATABASE [WARNING] : Incorrect number of bindings supplied. The current statement uses 2, and there are 11 supplied.
2020-09-01 14:50:32,374 DATABASE [INFO] : Selecting data from the table...
2020-09-01 14:50:32,374 DATABASE [INFO] : Data was selected from table
2020-09-01 14:53:13,292 DATABASE [INFO] : Connecting to database...
2020-09-01 14:53:13,292 DATABASE [INFO] : Connected to database file
2020-09-01 14:53:13,292 DATABASE [INFO] : Creating cursor...
2020-09-01 14:53:13,292 DATABASE [INFO] : DataBase cursor was created
2020-09-01 14:53:13,292 DATABASE [INFO] : Creating table...
2020-09-01 14:53:13,292 DATABASE [INFO] : Table was created
2020-09-01 14:53:13,292 DATABASE [INFO] : Inserting listdata into the table...
2020-09-01 14:53:13,292 DATABASE [WARNING] : 11 values for 2 columns
2020-09-01 14:53:13,292 DATABASE [INFO] : Selecting data from the table...
2020-09-01 14:53:13,292 DATABASE [INFO] : Data was selected from table
2020-09-01 14:55:26,365 DATABASE [INFO] : Connecting to database...
2020-09-01 14:55:26,365 DATABASE [INFO] : Connected to database file
2020-09-01 14:55:26,365 DATABASE [INFO] : Creating cursor...
2020-09-01 14:55:26,365 DATABASE [INFO] : DataBase cursor was created
2020-09-01 14:55:26,365 DATABASE [INFO] : Creating table...
2020-09-01 14:55:26,365 DATABASE [INFO] : Table was created
2020-09-01 14:55:26,365 DATABASE [INFO] : Inserting listdata into the table...
2020-09-01 14:55:26,365 DATABASE [WARNING] : Incorrect number of bindings supplied. The current statement uses 2, and there are 11 supplied.
2020-09-01 14:55:26,366 DATABASE [INFO] : Selecting data from the table...
2020-09-01 14:55:26,366 DATABASE [INFO] : Data was selected from table
